{
  "stats": {
    "suites": 3,
    "tests": 4,
    "passes": 4,
    "pending": 0,
    "failures": 0,
    "start": "2025-03-15T01:05:00.602Z",
    "end": "2025-03-15T01:05:09.035Z",
    "duration": 8433,
    "testsRegistered": 4,
    "passPercent": 100,
    "pendingPercent": 0,
    "other": 0,
    "hasOther": false,
    "skipped": 0,
    "hasSkipped": false
  },
  "results": [
    {
      "uuid": "1f2717e1-f3a1-4de9-b89a-02955b9f300f",
      "title": "",
      "fullFile": "cypress\\e2e\\saucedemo.cy.js",
      "file": "cypress\\e2e\\saucedemo.cy.js",
      "beforeHooks": [],
      "afterHooks": [],
      "tests": [],
      "suites": [
        {
          "uuid": "ec566ca5-b5ee-4605-a59d-8b8651812086",
          "title": "Sauce Demo Tests",
          "fullFile": "",
          "file": "",
          "beforeHooks": [],
          "afterHooks": [],
          "tests": [],
          "suites": [
            {
              "uuid": "fbf9752f-b712-4717-a852-f0828daa0be8",
              "title": "Positive Tests",
              "fullFile": "",
              "file": "",
              "beforeHooks": [],
              "afterHooks": [],
              "tests": [
                {
                  "title": "should add item and  verify that the item is in the cart",
                  "fullTitle": "Sauce Demo Tests Positive Tests should add item and  verify that the item is in the cart",
                  "timedOut": null,
                  "duration": 2938,
                  "state": "passed",
                  "speed": "fast",
                  "pass": true,
                  "fail": false,
                  "pending": false,
                  "context": null,
                  "code": "inventoryPage.addItemToCart();\ninventoryPage.elements.cartBadge().should('contain', '1');\ninventoryPage.elements.cartBadge().click();\ncartPage.elements.cartItems().should('have.length', 1);",
                  "err": {},
                  "uuid": "0715da48-acf4-45cd-974e-632bdeb89d64",
                  "parentUUID": "fbf9752f-b712-4717-a852-f0828daa0be8",
                  "isHook": false,
                  "skipped": false
                },
                {
                  "title": "should remove item from the cart and verify",
                  "fullTitle": "Sauce Demo Tests Positive Tests should remove item from the cart and verify",
                  "timedOut": null,
                  "duration": 1287,
                  "state": "passed",
                  "speed": "fast",
                  "pass": true,
                  "fail": false,
                  "pending": false,
                  "context": null,
                  "code": "inventoryPage.addItemToCart();\ninventoryPage.elements.cartBadge().click();\ncartPage.removeItem();\ncartPage.elements.cartItems().should('have.length', 0);\ninventoryPage.elements.cartBadge().should('not.exist');",
                  "err": {},
                  "uuid": "d949d98c-6c39-4738-9a49-3ac639d3b829",
                  "parentUUID": "fbf9752f-b712-4717-a852-f0828daa0be8",
                  "isHook": false,
                  "skipped": false
                },
                {
                  "title": "should verify sorting functionality",
                  "fullTitle": "Sauce Demo Tests Positive Tests should verify sorting functionality",
                  "timedOut": null,
                  "duration": 1205,
                  "state": "passed",
                  "speed": "fast",
                  "pass": true,
                  "fail": false,
                  "pending": false,
                  "context": null,
                  "code": "inventoryPage.sortBy('hilo');\ninventoryPage.verifySorting('desc');",
                  "err": {},
                  "uuid": "d73a5427-f4cf-4584-b8a2-0202dc674bc2",
                  "parentUUID": "fbf9752f-b712-4717-a852-f0828daa0be8",
                  "isHook": false,
                  "skipped": false
                }
              ],
              "suites": [],
              "passes": [
                "0715da48-acf4-45cd-974e-632bdeb89d64",
                "d949d98c-6c39-4738-9a49-3ac639d3b829",
                "d73a5427-f4cf-4584-b8a2-0202dc674bc2"
              ],
              "failures": [],
              "pending": [],
              "skipped": [],
              "duration": 5430,
              "root": false,
              "rootEmpty": false,
              "_timeout": 2000
            },
            {
              "uuid": "3e6f5011-7c40-4cb7-a293-862fa23d3285",
              "title": "Negative Tests ",
              "fullFile": "",
              "file": "",
              "beforeHooks": [],
              "afterHooks": [],
              "tests": [
                {
                  "title": "should display error for invalid login",
                  "fullTitle": "Sauce Demo Tests Negative Tests  should display error for invalid login",
                  "timedOut": null,
                  "duration": 855,
                  "state": "passed",
                  "speed": "fast",
                  "pass": true,
                  "fail": false,
                  "pending": false,
                  "context": null,
                  "code": "loginPage.visit();\nloginPage.login('invalid_user', 'wrong_password');\nloginPage.elements.errorMessage().should('be.visible').and('contain', 'Username and password do not match');",
                  "err": {},
                  "uuid": "6ff1bfb7-5e0c-4991-ae3f-516f477d7ce2",
                  "parentUUID": "3e6f5011-7c40-4cb7-a293-862fa23d3285",
                  "isHook": false,
                  "skipped": false
                }
              ],
              "suites": [],
              "passes": [
                "6ff1bfb7-5e0c-4991-ae3f-516f477d7ce2"
              ],
              "failures": [],
              "pending": [],
              "skipped": [],
              "duration": 855,
              "root": false,
              "rootEmpty": false,
              "_timeout": 2000
            }
          ],
          "passes": [],
          "failures": [],
          "pending": [],
          "skipped": [],
          "duration": 0,
          "root": false,
          "rootEmpty": false,
          "_timeout": 2000
        }
      ],
      "passes": [],
      "failures": [],
      "pending": [],
      "skipped": [],
      "duration": 0,
      "root": true,
      "rootEmpty": true,
      "_timeout": 2000
    }
  ],
  "meta": {
    "mocha": {
      "version": "7.0.1"
    },
    "mochawesome": {
      "options": {
        "quiet": false,
        "reportFilename": "mochawesome",
        "saveHtml": false,
        "saveJson": true,
        "consoleReporter": "spec",
        "useInlineDiffs": false,
        "code": true
      },
      "version": "7.1.3"
    },
    "marge": {
      "options": {
        "reportDir": "cypress\\reports\\2025-03-15_01-04-55\\.jsons",
        "embeddedScreenshots": true,
        "charts": true,
        "reportPageTitle": "Cypress Test Report",
        "overwrite": false,
        "html": false,
        "json": true,
        "timestamp": "2025/03/15, 03:04:55"
      },
      "version": "6.2.0"
    }
  }
}