{
  "stats": {
    "suites": 3,
    "tests": 4,
    "passes": 4,
    "pending": 0,
    "failures": 0,
    "start": "2025-03-15T11:10:26.182Z",
    "end": "2025-03-15T11:11:02.422Z",
    "duration": 36240,
    "testsRegistered": 4,
    "passPercent": 100,
    "pendingPercent": 0,
    "other": 0,
    "hasOther": false,
    "skipped": 0,
    "hasSkipped": false
  },
  "results": [
    {
      "uuid": "414657bf-bc43-49b7-9d70-a93fc5955ff7",
      "title": "",
      "fullFile": "cypress\\e2e\\saucedemo.cy.js",
      "file": "cypress\\e2e\\saucedemo.cy.js",
      "beforeHooks": [],
      "afterHooks": [],
      "tests": [],
      "suites": [
        {
          "uuid": "81f6e94d-0fd7-4d70-a5c2-f36bfdee0ec9",
          "title": "Sauce Demo Tests",
          "fullFile": "",
          "file": "",
          "beforeHooks": [],
          "afterHooks": [],
          "tests": [],
          "suites": [
            {
              "uuid": "ba3de6e0-dcc2-4e96-8ef3-13b0643ad17f",
              "title": "Positive Tests",
              "fullFile": "",
              "file": "",
              "beforeHooks": [],
              "afterHooks": [],
              "tests": [
                {
                  "title": "should add item and  verify that the item is in the cart",
                  "fullTitle": "Sauce Demo Tests Positive Tests should add item and  verify that the item is in the cart",
                  "timedOut": null,
                  "duration": 4111,
                  "state": "passed",
                  "speed": "fast",
                  "pass": true,
                  "fail": false,
                  "pending": false,
                  "context": null,
                  "code": "inventoryPage.addItemToCart();\ninventoryPage.elements.cartBadge().should('contain', '1');\ninventoryPage.elements.cartBadge().click();\ncartPage.elements.cartItems().should('have.length', 1);",
                  "err": {},
                  "uuid": "73803a23-4d46-488c-a992-016ee49f15ce",
                  "parentUUID": "ba3de6e0-dcc2-4e96-8ef3-13b0643ad17f",
                  "isHook": false,
                  "skipped": false
                },
                {
                  "title": "should remove item from the cart and verify",
                  "fullTitle": "Sauce Demo Tests Positive Tests should remove item from the cart and verify",
                  "timedOut": null,
                  "duration": 25368,
                  "state": "passed",
                  "speed": "slow",
                  "pass": true,
                  "fail": false,
                  "pending": false,
                  "context": null,
                  "code": "inventoryPage.addItemToCart();\ninventoryPage.elements.cartBadge().click();\ncartPage.removeItem();\ncartPage.elements.cartItems().should('have.length', 0);\ninventoryPage.elements.cartBadge().should('not.exist');",
                  "err": {},
                  "uuid": "c67ee5c1-501a-4140-ac4e-37e551abd3b0",
                  "parentUUID": "ba3de6e0-dcc2-4e96-8ef3-13b0643ad17f",
                  "isHook": false,
                  "skipped": false
                },
                {
                  "title": "should verify sorting functionality",
                  "fullTitle": "Sauce Demo Tests Positive Tests should verify sorting functionality",
                  "timedOut": null,
                  "duration": 1259,
                  "state": "passed",
                  "speed": "fast",
                  "pass": true,
                  "fail": false,
                  "pending": false,
                  "context": null,
                  "code": "inventoryPage.sortBy('hilo');\ninventoryPage.verifySorting('desc');",
                  "err": {},
                  "uuid": "f1b8f7c4-4347-47d7-9a31-1c56597080c6",
                  "parentUUID": "ba3de6e0-dcc2-4e96-8ef3-13b0643ad17f",
                  "isHook": false,
                  "skipped": false
                }
              ],
              "suites": [],
              "passes": [
                "73803a23-4d46-488c-a992-016ee49f15ce",
                "c67ee5c1-501a-4140-ac4e-37e551abd3b0",
                "f1b8f7c4-4347-47d7-9a31-1c56597080c6"
              ],
              "failures": [],
              "pending": [],
              "skipped": [],
              "duration": 30738,
              "root": false,
              "rootEmpty": false,
              "_timeout": 2000
            },
            {
              "uuid": "d34a68d9-bda4-43c7-95c3-900935d9668a",
              "title": "Negative Tests ",
              "fullFile": "",
              "file": "",
              "beforeHooks": [],
              "afterHooks": [],
              "tests": [
                {
                  "title": "should display error for invalid login",
                  "fullTitle": "Sauce Demo Tests Negative Tests  should display error for invalid login",
                  "timedOut": null,
                  "duration": 1080,
                  "state": "passed",
                  "speed": "fast",
                  "pass": true,
                  "fail": false,
                  "pending": false,
                  "context": null,
                  "code": "loginPage.visit();\nloginPage.login('invalid_user', 'wrong_password');\nloginPage.elements.errorMessage().should('be.visible').and('contain', 'Username and password do not match');",
                  "err": {},
                  "uuid": "de9fa5fb-6217-4a7c-b676-1683d106c7bb",
                  "parentUUID": "d34a68d9-bda4-43c7-95c3-900935d9668a",
                  "isHook": false,
                  "skipped": false
                }
              ],
              "suites": [],
              "passes": [
                "de9fa5fb-6217-4a7c-b676-1683d106c7bb"
              ],
              "failures": [],
              "pending": [],
              "skipped": [],
              "duration": 1080,
              "root": false,
              "rootEmpty": false,
              "_timeout": 2000
            }
          ],
          "passes": [],
          "failures": [],
          "pending": [],
          "skipped": [],
          "duration": 0,
          "root": false,
          "rootEmpty": false,
          "_timeout": 2000
        }
      ],
      "passes": [],
      "failures": [],
      "pending": [],
      "skipped": [],
      "duration": 0,
      "root": true,
      "rootEmpty": true,
      "_timeout": 2000
    }
  ],
  "meta": {
    "mocha": {
      "version": "7.0.1"
    },
    "mochawesome": {
      "options": {
        "quiet": false,
        "reportFilename": "mochawesome",
        "saveHtml": false,
        "saveJson": true,
        "consoleReporter": "spec",
        "useInlineDiffs": false,
        "code": true
      },
      "version": "7.1.3"
    },
    "marge": {
      "options": {
        "reportDir": "cypress\\reports\\2025-03-15_11-09-13\\.jsons",
        "embeddedScreenshots": true,
        "charts": true,
        "reportPageTitle": "Cypress Test Report",
        "overwrite": false,
        "html": false,
        "json": true,
        "timestamp": "2025/03/15, 13:09:13"
      },
      "version": "6.2.0"
    }
  }
}