{
  "stats": {
    "suites": 3,
    "tests": 4,
    "passes": 4,
    "pending": 0,
    "failures": 0,
    "start": "2025-03-15T01:05:30.003Z",
    "end": "2025-03-15T01:05:45.797Z",
    "duration": 15794,
    "testsRegistered": 4,
    "passPercent": 100,
    "pendingPercent": 0,
    "other": 0,
    "hasOther": false,
    "skipped": 0,
    "hasSkipped": false
  },
  "results": [
    {
      "uuid": "a10bcadf-9198-434f-b847-998af0b3f0e5",
      "title": "",
      "fullFile": "cypress\\e2e\\saucedemo.cy.js",
      "file": "cypress\\e2e\\saucedemo.cy.js",
      "beforeHooks": [],
      "afterHooks": [],
      "tests": [],
      "suites": [
        {
          "uuid": "1526eae1-d8be-496d-97b9-b48f3ecf66c0",
          "title": "Sauce Demo Tests",
          "fullFile": "",
          "file": "",
          "beforeHooks": [],
          "afterHooks": [],
          "tests": [],
          "suites": [
            {
              "uuid": "e39d1714-eb30-4b50-924a-684933465038",
              "title": "Positive Tests",
              "fullFile": "",
              "file": "",
              "beforeHooks": [],
              "afterHooks": [],
              "tests": [
                {
                  "title": "should add item and  verify that the item is in the cart",
                  "fullTitle": "Sauce Demo Tests Positive Tests should add item and  verify that the item is in the cart",
                  "timedOut": null,
                  "duration": 2777,
                  "state": "passed",
                  "speed": "fast",
                  "pass": true,
                  "fail": false,
                  "pending": false,
                  "context": null,
                  "code": "inventoryPage.addItemToCart();\ninventoryPage.elements.cartBadge().should('contain', '1');\ninventoryPage.elements.cartBadge().click();\ncartPage.elements.cartItems().should('have.length', 1);",
                  "err": {},
                  "uuid": "d735f869-8126-41fa-9969-2cdc417c9c46",
                  "parentUUID": "e39d1714-eb30-4b50-924a-684933465038",
                  "isHook": false,
                  "skipped": false
                },
                {
                  "title": "should remove item from the cart and verify",
                  "fullTitle": "Sauce Demo Tests Positive Tests should remove item from the cart and verify",
                  "timedOut": null,
                  "duration": 9312,
                  "state": "passed",
                  "speed": "medium",
                  "pass": true,
                  "fail": false,
                  "pending": false,
                  "context": null,
                  "code": "inventoryPage.addItemToCart();\ninventoryPage.elements.cartBadge().click();\ncartPage.removeItem();\ncartPage.elements.cartItems().should('have.length', 0);\ninventoryPage.elements.cartBadge().should('not.exist');",
                  "err": {},
                  "uuid": "28396703-8bf4-4503-b292-8409b100c1b1",
                  "parentUUID": "e39d1714-eb30-4b50-924a-684933465038",
                  "isHook": false,
                  "skipped": false
                },
                {
                  "title": "should verify sorting functionality",
                  "fullTitle": "Sauce Demo Tests Positive Tests should verify sorting functionality",
                  "timedOut": null,
                  "duration": 1012,
                  "state": "passed",
                  "speed": "fast",
                  "pass": true,
                  "fail": false,
                  "pending": false,
                  "context": null,
                  "code": "inventoryPage.sortBy('hilo');\ninventoryPage.verifySorting('desc');",
                  "err": {},
                  "uuid": "b8b5c9c7-507f-40b9-96f8-902526a75162",
                  "parentUUID": "e39d1714-eb30-4b50-924a-684933465038",
                  "isHook": false,
                  "skipped": false
                }
              ],
              "suites": [],
              "passes": [
                "d735f869-8126-41fa-9969-2cdc417c9c46",
                "28396703-8bf4-4503-b292-8409b100c1b1",
                "b8b5c9c7-507f-40b9-96f8-902526a75162"
              ],
              "failures": [],
              "pending": [],
              "skipped": [],
              "duration": 13101,
              "root": false,
              "rootEmpty": false,
              "_timeout": 2000
            },
            {
              "uuid": "5a98a376-d47a-44c5-8eea-0092cb26bd66",
              "title": "Negative Tests ",
              "fullFile": "",
              "file": "",
              "beforeHooks": [],
              "afterHooks": [],
              "tests": [
                {
                  "title": "should display error for invalid login",
                  "fullTitle": "Sauce Demo Tests Negative Tests  should display error for invalid login",
                  "timedOut": null,
                  "duration": 907,
                  "state": "passed",
                  "speed": "fast",
                  "pass": true,
                  "fail": false,
                  "pending": false,
                  "context": null,
                  "code": "loginPage.visit();\nloginPage.login('invalid_user', 'wrong_password');\nloginPage.elements.errorMessage().should('be.visible').and('contain', 'Username and password do not match');",
                  "err": {},
                  "uuid": "34376c4c-c04c-467e-9e71-4baea10ffca8",
                  "parentUUID": "5a98a376-d47a-44c5-8eea-0092cb26bd66",
                  "isHook": false,
                  "skipped": false
                }
              ],
              "suites": [],
              "passes": [
                "34376c4c-c04c-467e-9e71-4baea10ffca8"
              ],
              "failures": [],
              "pending": [],
              "skipped": [],
              "duration": 907,
              "root": false,
              "rootEmpty": false,
              "_timeout": 2000
            }
          ],
          "passes": [],
          "failures": [],
          "pending": [],
          "skipped": [],
          "duration": 0,
          "root": false,
          "rootEmpty": false,
          "_timeout": 2000
        }
      ],
      "passes": [],
      "failures": [],
      "pending": [],
      "skipped": [],
      "duration": 0,
      "root": true,
      "rootEmpty": true,
      "_timeout": 2000
    }
  ],
  "meta": {
    "mocha": {
      "version": "7.0.1"
    },
    "mochawesome": {
      "options": {
        "quiet": false,
        "reportFilename": "mochawesome",
        "saveHtml": false,
        "saveJson": true,
        "consoleReporter": "spec",
        "useInlineDiffs": false,
        "code": true
      },
      "version": "7.1.3"
    },
    "marge": {
      "options": {
        "reportDir": "cypress\\reports\\2025-03-15_01-05-25\\.jsons",
        "embeddedScreenshots": true,
        "charts": true,
        "reportPageTitle": "Cypress Test Report",
        "overwrite": false,
        "html": false,
        "json": true,
        "timestamp": "2025/03/15, 03:05:25"
      },
      "version": "6.2.0"
    }
  }
}