{
  "stats": {
    "suites": 3,
    "tests": 4,
    "passes": 4,
    "pending": 0,
    "failures": 0,
    "start": "2025-03-15T01:06:09.602Z",
    "end": "2025-03-15T01:06:16.926Z",
    "duration": 7324,
    "testsRegistered": 4,
    "passPercent": 100,
    "pendingPercent": 0,
    "other": 0,
    "hasOther": false,
    "skipped": 0,
    "hasSkipped": false
  },
  "results": [
    {
      "uuid": "76df36f3-2a33-4a41-9c72-ecbbd53ad344",
      "title": "",
      "fullFile": "cypress\\e2e\\saucedemo.cy.js",
      "file": "cypress\\e2e\\saucedemo.cy.js",
      "beforeHooks": [],
      "afterHooks": [],
      "tests": [],
      "suites": [
        {
          "uuid": "51fe8f07-9fe4-4f2b-a2c2-8fc088bfc1ea",
          "title": "Sauce Demo Tests",
          "fullFile": "",
          "file": "",
          "beforeHooks": [],
          "afterHooks": [],
          "tests": [],
          "suites": [
            {
              "uuid": "faa8da4c-d112-4024-9a52-c5f60ee71210",
              "title": "Positive Tests",
              "fullFile": "",
              "file": "",
              "beforeHooks": [],
              "afterHooks": [],
              "tests": [
                {
                  "title": "should add item and  verify that the item is in the cart",
                  "fullTitle": "Sauce Demo Tests Positive Tests should add item and  verify that the item is in the cart",
                  "timedOut": null,
                  "duration": 2614,
                  "state": "passed",
                  "speed": "fast",
                  "pass": true,
                  "fail": false,
                  "pending": false,
                  "context": null,
                  "code": "inventoryPage.addItemToCart();\ninventoryPage.elements.cartBadge().should('contain', '1');\ninventoryPage.elements.cartBadge().click();\ncartPage.elements.cartItems().should('have.length', 1);",
                  "err": {},
                  "uuid": "481fa747-5336-4d1f-8dab-bccda0aa1a7b",
                  "parentUUID": "faa8da4c-d112-4024-9a52-c5f60ee71210",
                  "isHook": false,
                  "skipped": false
                },
                {
                  "title": "should remove item from the cart and verify",
                  "fullTitle": "Sauce Demo Tests Positive Tests should remove item from the cart and verify",
                  "timedOut": null,
                  "duration": 1357,
                  "state": "passed",
                  "speed": "fast",
                  "pass": true,
                  "fail": false,
                  "pending": false,
                  "context": null,
                  "code": "inventoryPage.addItemToCart();\ninventoryPage.elements.cartBadge().click();\ncartPage.removeItem();\ncartPage.elements.cartItems().should('have.length', 0);\ninventoryPage.elements.cartBadge().should('not.exist');",
                  "err": {},
                  "uuid": "324519be-606d-4030-902e-db13d56ee422",
                  "parentUUID": "faa8da4c-d112-4024-9a52-c5f60ee71210",
                  "isHook": false,
                  "skipped": false
                },
                {
                  "title": "should verify sorting functionality",
                  "fullTitle": "Sauce Demo Tests Positive Tests should verify sorting functionality",
                  "timedOut": null,
                  "duration": 949,
                  "state": "passed",
                  "speed": "fast",
                  "pass": true,
                  "fail": false,
                  "pending": false,
                  "context": null,
                  "code": "inventoryPage.sortBy('hilo');\ninventoryPage.verifySorting('desc');",
                  "err": {},
                  "uuid": "8ec2943b-b1f9-4982-a82f-804f1a7df5ed",
                  "parentUUID": "faa8da4c-d112-4024-9a52-c5f60ee71210",
                  "isHook": false,
                  "skipped": false
                }
              ],
              "suites": [],
              "passes": [
                "481fa747-5336-4d1f-8dab-bccda0aa1a7b",
                "324519be-606d-4030-902e-db13d56ee422",
                "8ec2943b-b1f9-4982-a82f-804f1a7df5ed"
              ],
              "failures": [],
              "pending": [],
              "skipped": [],
              "duration": 4920,
              "root": false,
              "rootEmpty": false,
              "_timeout": 2000
            },
            {
              "uuid": "66818bab-5ad2-4212-8010-f44930d50823",
              "title": "Negative Tests ",
              "fullFile": "",
              "file": "",
              "beforeHooks": [],
              "afterHooks": [],
              "tests": [
                {
                  "title": "should display error for invalid login",
                  "fullTitle": "Sauce Demo Tests Negative Tests  should display error for invalid login",
                  "timedOut": null,
                  "duration": 788,
                  "state": "passed",
                  "speed": "fast",
                  "pass": true,
                  "fail": false,
                  "pending": false,
                  "context": null,
                  "code": "loginPage.visit();\nloginPage.login('invalid_user', 'wrong_password');\nloginPage.elements.errorMessage().should('be.visible').and('contain', 'Username and password do not match');",
                  "err": {},
                  "uuid": "12378de9-aaf3-4d46-b408-e3d86534c8e3",
                  "parentUUID": "66818bab-5ad2-4212-8010-f44930d50823",
                  "isHook": false,
                  "skipped": false
                }
              ],
              "suites": [],
              "passes": [
                "12378de9-aaf3-4d46-b408-e3d86534c8e3"
              ],
              "failures": [],
              "pending": [],
              "skipped": [],
              "duration": 788,
              "root": false,
              "rootEmpty": false,
              "_timeout": 2000
            }
          ],
          "passes": [],
          "failures": [],
          "pending": [],
          "skipped": [],
          "duration": 0,
          "root": false,
          "rootEmpty": false,
          "_timeout": 2000
        }
      ],
      "passes": [],
      "failures": [],
      "pending": [],
      "skipped": [],
      "duration": 0,
      "root": true,
      "rootEmpty": true,
      "_timeout": 2000
    }
  ],
  "meta": {
    "mocha": {
      "version": "7.0.1"
    },
    "mochawesome": {
      "options": {
        "quiet": false,
        "reportFilename": "mochawesome",
        "saveHtml": false,
        "saveJson": true,
        "consoleReporter": "spec",
        "useInlineDiffs": false,
        "code": true
      },
      "version": "7.1.3"
    },
    "marge": {
      "options": {
        "reportDir": "cypress\\reports\\2025-03-15_01-06-05\\.jsons",
        "embeddedScreenshots": true,
        "charts": true,
        "reportPageTitle": "Cypress Test Report",
        "overwrite": false,
        "html": false,
        "json": true,
        "timestamp": "2025/03/15, 03:06:05"
      },
      "version": "6.2.0"
    }
  }
}