{
  "stats": {
    "suites": 3,
    "tests": 4,
    "passes": 4,
    "pending": 0,
    "failures": 0,
    "start": "2025-03-17T13:54:30.093Z",
    "end": "2025-03-17T13:54:40.073Z",
    "duration": 9980,
    "testsRegistered": 4,
    "passPercent": 100,
    "pendingPercent": 0,
    "other": 0,
    "hasOther": false,
    "skipped": 0,
    "hasSkipped": false
  },
  "results": [
    {
      "uuid": "f66bf2d4-3f09-4ff1-8670-840b3ae7aba9",
      "title": "",
      "fullFile": "cypress\\e2e\\saucedemo.cy.js",
      "file": "cypress\\e2e\\saucedemo.cy.js",
      "beforeHooks": [],
      "afterHooks": [],
      "tests": [],
      "suites": [
        {
          "uuid": "25194cbc-4701-4196-9756-f6c6d84ddfab",
          "title": "Sauce Demo Tests",
          "fullFile": "",
          "file": "",
          "beforeHooks": [],
          "afterHooks": [],
          "tests": [],
          "suites": [
            {
              "uuid": "5f64cf74-2762-42c2-bcef-4995d4481b53",
              "title": "Positive Tests",
              "fullFile": "",
              "file": "",
              "beforeHooks": [],
              "afterHooks": [],
              "tests": [
                {
                  "title": "should add item and  verify that the item is in the cart",
                  "fullTitle": "Sauce Demo Tests Positive Tests should add item and  verify that the item is in the cart",
                  "timedOut": null,
                  "duration": 3429,
                  "state": "passed",
                  "speed": "fast",
                  "pass": true,
                  "fail": false,
                  "pending": false,
                  "context": null,
                  "code": "inventoryPage.addItemToCart();\ninventoryPage.elements.cartBadge().should('contain', '1');\ninventoryPage.elements.cartBadge().click();\ncartPage.elements.cartItems().should('have.length', 1);",
                  "err": {},
                  "uuid": "f1b485fe-6b07-476e-bd33-94444e2dd499",
                  "parentUUID": "5f64cf74-2762-42c2-bcef-4995d4481b53",
                  "isHook": false,
                  "skipped": false
                },
                {
                  "title": "should remove item from the cart and verify",
                  "fullTitle": "Sauce Demo Tests Positive Tests should remove item from the cart and verify",
                  "timedOut": null,
                  "duration": 1535,
                  "state": "passed",
                  "speed": "fast",
                  "pass": true,
                  "fail": false,
                  "pending": false,
                  "context": null,
                  "code": "inventoryPage.addItemToCart();\ninventoryPage.elements.cartBadge().click();\ncartPage.removeItem();\ncartPage.elements.cartItems().should('have.length', 0);\ninventoryPage.elements.cartBadge().should('not.exist');",
                  "err": {},
                  "uuid": "7c69f974-bdac-4be4-87e6-5bc0fa220ba3",
                  "parentUUID": "5f64cf74-2762-42c2-bcef-4995d4481b53",
                  "isHook": false,
                  "skipped": false
                },
                {
                  "title": "should verify sorting functionality",
                  "fullTitle": "Sauce Demo Tests Positive Tests should verify sorting functionality",
                  "timedOut": null,
                  "duration": 1021,
                  "state": "passed",
                  "speed": "fast",
                  "pass": true,
                  "fail": false,
                  "pending": false,
                  "context": null,
                  "code": "inventoryPage.sortBy('hilo');\ninventoryPage.verifySorting('desc');",
                  "err": {},
                  "uuid": "3e431524-0d3e-429a-9283-2c0bd6c8d48e",
                  "parentUUID": "5f64cf74-2762-42c2-bcef-4995d4481b53",
                  "isHook": false,
                  "skipped": false
                }
              ],
              "suites": [],
              "passes": [
                "f1b485fe-6b07-476e-bd33-94444e2dd499",
                "7c69f974-bdac-4be4-87e6-5bc0fa220ba3",
                "3e431524-0d3e-429a-9283-2c0bd6c8d48e"
              ],
              "failures": [],
              "pending": [],
              "skipped": [],
              "duration": 5985,
              "root": false,
              "rootEmpty": false,
              "_timeout": 2000
            },
            {
              "uuid": "fb962104-6cd5-47cc-b6d6-ea5e75028f8d",
              "title": "Negative Tests ",
              "fullFile": "",
              "file": "",
              "beforeHooks": [],
              "afterHooks": [],
              "tests": [
                {
                  "title": "should display error for invalid login",
                  "fullTitle": "Sauce Demo Tests Negative Tests  should display error for invalid login",
                  "timedOut": null,
                  "duration": 893,
                  "state": "passed",
                  "speed": "fast",
                  "pass": true,
                  "fail": false,
                  "pending": false,
                  "context": null,
                  "code": "loginPage.visit();\nloginPage.login('invalid_user', 'wrong_password');\nloginPage.elements.errorMessage().should('be.visible').and('contain', 'Username and password do not match');",
                  "err": {},
                  "uuid": "6222cd49-069c-4ed3-9eac-fadfd65630f7",
                  "parentUUID": "fb962104-6cd5-47cc-b6d6-ea5e75028f8d",
                  "isHook": false,
                  "skipped": false
                }
              ],
              "suites": [],
              "passes": [
                "6222cd49-069c-4ed3-9eac-fadfd65630f7"
              ],
              "failures": [],
              "pending": [],
              "skipped": [],
              "duration": 893,
              "root": false,
              "rootEmpty": false,
              "_timeout": 2000
            }
          ],
          "passes": [],
          "failures": [],
          "pending": [],
          "skipped": [],
          "duration": 0,
          "root": false,
          "rootEmpty": false,
          "_timeout": 2000
        }
      ],
      "passes": [],
      "failures": [],
      "pending": [],
      "skipped": [],
      "duration": 0,
      "root": true,
      "rootEmpty": true,
      "_timeout": 2000
    }
  ],
  "meta": {
    "mocha": {
      "version": "7.0.1"
    },
    "mochawesome": {
      "options": {
        "quiet": false,
        "reportFilename": "mochawesome",
        "saveHtml": false,
        "saveJson": true,
        "consoleReporter": "spec",
        "useInlineDiffs": false,
        "code": true
      },
      "version": "7.1.3"
    },
    "marge": {
      "options": {
        "reportDir": "cypress\\reports\\2025-03-17_13-53-51\\.jsons",
        "embeddedScreenshots": true,
        "charts": true,
        "reportPageTitle": "Cypress Test Report",
        "overwrite": false,
        "html": false,
        "json": true,
        "timestamp": "2025/03/17, 15:53:51"
      },
      "version": "6.2.0"
    }
  }
}